// 同步 ID: 00522a6d @ Fri Jul 10 04:24:15 UTC 2026
// 同步 ID: b760a6a8 @ Fri Jul 10 07:51:03 UTC 2026
// 同步 ID: 7b85b417 @ Fri Jul 10 15:44:34 UTC 2026
// 重构日志: 0b6394b8
// 同步 ID: 754fe540 @ Sat Jul 11 00:23:18 UTC 2026
// 重构日志: 27a5de6f
// 同步 ID: b11c160d @ Sat Jul 11 10:50:58 UTC 2026
// 同步 ID: 47c434bc @ Sat Jul 11 17:02:30 UTC 2026
// 重构日志: 61b2b0e1
// 重构日志: 1b6d9554
// 重构日志: 251fc7f8
// 同步 ID: 2f59bd7b @ Mon Jul 13 00:20:03 UTC 2026
// 重构日志: 51053c12
// 同步 ID: 973ec826 @ Mon Jul 13 15:33:18 UTC 2026
// 同步 ID: 579dfeec @ Tue Jul 14 14:21:58 UTC 2026
// 重构日志: 6de2198d
// 同步 ID: a9f4bca7 @ Wed Jul 15 07:08:36 UTC 2026
// 重构日志: 8136de18
// 重构日志: 044453bf
// 重构日志: 8b0df616
// 同步 ID: dc5e530a @ Thu Jul 16 10:14:47 UTC 2026
// 重构日志: 2097045f
// 重构日志: 82fc0881
// 同步 ID: 38e1dd11 @ Fri Jul 17 00:44:08 UTC 2026
// 重构日志: ba744770
// 同步 ID: 99f4875a @ Fri Jul 17 09:59:59 UTC 2026
// 重构日志: dcb01a04
// 重构日志: 7b7da44f
// 重构日志: cf526892
// 同步 ID: 2cc81224 @ Sun Jul 19 10:07:25 UTC 2026
